TN:
SF:src\controllers\Jugador_controller.js
FN:10,(anonymous_0)
FN:37,(anonymous_1)
FN:38,(anonymous_2)
FN:62,(anonymous_3)
FN:80,(anonymous_4)
FN:98,(anonymous_5)
FN:110,(anonymous_6)
FN:128,(anonymous_7)
FN:168,(anonymous_8)
FN:173,(anonymous_9)
FN:222,(anonymous_10)
FN:243,(anonymous_11)
FN:248,(anonymous_12)
FN:273,(anonymous_13)
FNF:14
FNH:1
FNDA:0,(anonymous_0)
FNDA:0,(anonymous_1)
FNDA:0,(anonymous_2)
FNDA:0,(anonymous_3)
FNDA:0,(anonymous_4)
FNDA:0,(anonymous_5)
FNDA:0,(anonymous_6)
FNDA:6,(anonymous_7)
FNDA:0,(anonymous_8)
FNDA:0,(anonymous_9)
FNDA:0,(anonymous_10)
FNDA:0,(anonymous_11)
FNDA:0,(anonymous_12)
FNDA:0,(anonymous_13)
DA:8,1
DA:10,1
DA:11,0
DA:13,0
DA:17,0
DA:18,0
DA:19,0
DA:25,0
DA:27,0
DA:28,0
DA:29,0
DA:30,0
DA:31,0
DA:34,0
DA:35,0
DA:36,0
DA:37,0
DA:38,0
DA:39,0
DA:40,0
DA:42,0
DA:45,0
DA:47,0
DA:50,0
DA:52,0
DA:53,0
DA:56,0
DA:57,0
DA:62,1
DA:63,0
DA:64,0
DA:67,0
DA:69,0
DA:70,0
DA:73,0
DA:74,0
DA:76,0
DA:77,0
DA:80,1
DA:81,0
DA:82,0
DA:85,0
DA:86,0
DA:89,0
DA:90,0
DA:91,0
DA:92,0
DA:93,0
DA:98,1
DA:99,0
DA:100,0
DA:101,0
DA:105,0
DA:106,0
DA:110,1
DA:111,0
DA:112,0
DA:115,0
DA:118,0
DA:119,0
DA:122,0
DA:123,0
DA:124,0
DA:125,0
DA:128,1
DA:130,6
DA:131,6
DA:134,5
DA:136,5
DA:140,4
DA:141,1
DA:146,3
DA:149,2
DA:151,2
DA:154,2
DA:155,2
DA:157,2
DA:168,1
DA:169,0
DA:170,0
DA:173,1
DA:174,0
DA:175,0
DA:176,0
DA:179,0
DA:183,0
DA:184,0
DA:187,0
DA:189,0
DA:190,0
DA:192,0
DA:197,0
DA:198,0
DA:199,0
DA:200,0
DA:202,0
DA:203,0
DA:204,0
DA:207,0
DA:212,0
DA:213,0
DA:215,0
DA:218,0
DA:219,0
DA:222,1
DA:223,0
DA:224,0
DA:227,0
DA:228,0
DA:229,0
DA:233,0
DA:234,0
DA:237,0
DA:238,0
DA:239,0
DA:243,1
DA:244,0
DA:245,0
DA:248,1
DA:249,0
DA:251,0
DA:252,0
DA:257,0
DA:258,0
DA:263,0
DA:264,0
DA:267,0
DA:268,0
DA:273,1
DA:274,0
DA:276,0
DA:277,0
DA:282,0
DA:283,0
DA:284,0
DA:288,0
DA:292,0
DA:293,0
DA:299,0
DA:312,0
DA:313,0
DA:317,0
DA:322,0
DA:323,0
LF:144
LH:25
BRDA:13,0,0,0
BRDA:13,0,1,0
BRDA:18,1,0,0
BRDA:18,1,1,0
BRDA:27,2,0,0
BRDA:27,2,1,0
BRDA:34,3,0,0
BRDA:34,3,1,0
BRDA:39,4,0,0
BRDA:39,4,1,0
BRDA:63,5,0,0
BRDA:63,5,1,0
BRDA:69,6,0,0
BRDA:69,6,1,0
BRDA:82,7,0,0
BRDA:82,7,1,0
BRDA:86,8,0,0
BRDA:86,8,1,0
BRDA:101,9,0,0
BRDA:101,9,1,0
BRDA:112,10,0,0
BRDA:112,10,1,0
BRDA:115,11,0,0
BRDA:115,11,1,0
BRDA:119,12,0,0
BRDA:119,12,1,0
BRDA:131,13,0,1
BRDA:131,13,1,5
BRDA:136,14,0,1
BRDA:136,14,1,4
BRDA:140,15,0,1
BRDA:140,15,1,3
BRDA:146,16,0,1
BRDA:146,16,1,2
BRDA:151,17,0,1
BRDA:151,17,1,1
BRDA:176,18,0,0
BRDA:176,18,1,0
BRDA:179,19,0,0
BRDA:179,19,1,0
BRDA:184,20,0,0
BRDA:184,20,1,0
BRDA:187,21,0,0
BRDA:187,21,1,0
BRDA:190,22,0,0
BRDA:190,22,1,0
BRDA:197,23,0,0
BRDA:197,23,1,0
BRDA:198,24,0,0
BRDA:198,24,1,0
BRDA:199,25,0,0
BRDA:199,25,1,0
BRDA:200,26,0,0
BRDA:200,26,1,0
BRDA:202,27,0,0
BRDA:202,27,1,0
BRDA:203,28,0,0
BRDA:203,28,1,0
BRDA:224,29,0,0
BRDA:224,29,1,0
BRDA:228,30,0,0
BRDA:228,30,1,0
BRDA:234,31,0,0
BRDA:234,31,1,0
BRDA:251,32,0,0
BRDA:251,32,1,0
BRDA:257,33,0,0
BRDA:257,33,1,0
BRDA:263,34,0,0
BRDA:263,34,1,0
BRDA:276,35,0,0
BRDA:276,35,1,0
BRDA:276,36,0,0
BRDA:276,36,1,0
BRDA:276,36,2,0
BRDA:284,37,0,0
BRDA:284,37,1,0
BRDA:288,38,0,0
BRDA:288,38,1,0
BRDA:292,39,0,0
BRDA:292,39,1,0
BRDA:302,40,0,0
BRDA:302,40,1,0
BRDA:312,41,0,0
BRDA:312,41,1,0
BRF:85
BRH:10
end_of_record
TN:
SF:src\middlewares\JWT.js
FN:5,(anonymous_0)
FN:10,(anonymous_1)
FNF:2
FNH:2
FNDA:2,(anonymous_0)
FNDA:4,(anonymous_1)
DA:5,2
DA:7,2
DA:10,2
DA:12,4
DA:14,4
DA:16,3
DA:17,3
DA:18,3
DA:19,2
DA:20,1
DA:21,1
DA:22,1
DA:23,1
DA:24,1
DA:28,1
LF:15
LH:15
BRDA:14,0,0,1
BRDA:14,0,1,3
BRDA:19,1,0,1
BRDA:19,1,1,1
BRDA:22,2,0,1
BRDA:22,2,1,0
BRF:6
BRH:5
end_of_record
TN:
SF:src\models\Administrador.js
FN:63,(anonymous_0)
FN:70,(anonymous_1)
FN:76,(anonymous_2)
FNF:3
FNH:0
FNDA:0,(anonymous_0)
FNDA:0,(anonymous_1)
FNDA:0,(anonymous_2)
DA:5,2
DA:63,2
DA:64,0
DA:65,0
DA:66,0
DA:70,2
DA:71,0
DA:72,0
DA:76,2
DA:77,0
DA:78,0
LF:11
LH:4
BRF:0
BRH:0
end_of_record
TN:
SF:src\models\Jugador.js
FN:70,(anonymous_0)
FN:77,(anonymous_1)
FN:83,(anonymous_2)
FNF:3
FNH:0
FNDA:0,(anonymous_0)
FNDA:0,(anonymous_1)
FNDA:0,(anonymous_2)
DA:5,2
DA:70,2
DA:71,0
DA:72,0
DA:73,0
DA:77,2
DA:78,0
DA:79,0
DA:83,2
DA:84,0
DA:85,0
LF:11
LH:4
BRF:0
BRH:0
end_of_record
