{"C:\\Users\\Santy\\Desktop\\Wraith\\Backend\\src\\controllers\\Jugador_controller.js": {"path":"C:\\Users\\Santy\\Desktop\\Wraith\\Backend\\src\\controllers\\Jugador_controller.js","statementMap":{"0":{"start":{"line":8,"column":15},"end":{"line":8,"column":62}},"1":{"start":{"line":10,"column":17},"end":{"line":60,"column":1}},"2":{"start":{"line":11,"column":29},"end":{"line":11,"column":37}},"3":{"start":{"line":13,"column":4},"end":{"line":15,"column":6}},"4":{"start":{"line":13,"column":46},"end":{"line":15,"column":6}},"5":{"start":{"line":17,"column":30},"end":{"line":17,"column":64}},"6":{"start":{"line":18,"column":4},"end":{"line":22,"column":5}},"7":{"start":{"line":19,"column":8},"end":{"line":21,"column":10}},"8":{"start":{"line":25,"column":25},"end":{"line":25,"column":48}},"9":{"start":{"line":27,"column":4},"end":{"line":32,"column":5}},"10":{"start":{"line":28,"column":42},"end":{"line":28,"column":126}},"11":{"start":{"line":29,"column":8},"end":{"line":29,"column":47}},"12":{"start":{"line":30,"column":8},"end":{"line":30,"column":48}},"13":{"start":{"line":31,"column":8},"end":{"line":31,"column":54}},"14":{"start":{"line":34,"column":4},"end":{"line":48,"column":5}},"15":{"start":{"line":35,"column":27},"end":{"line":35,"column":91}},"16":{"start":{"line":36,"column":23},"end":{"line":36,"column":56}},"17":{"start":{"line":37,"column":31},"end":{"line":46,"column":10}},"18":{"start":{"line":38,"column":23},"end":{"line":44,"column":14}},"19":{"start":{"line":39,"column":16},"end":{"line":43,"column":17}},"20":{"start":{"line":40,"column":20},"end":{"line":40,"column":33}},"21":{"start":{"line":42,"column":20},"end":{"line":42,"column":37}},"22":{"start":{"line":45,"column":12},"end":{"line":45,"column":30}},"23":{"start":{"line":47,"column":12},"end":{"line":47,"column":53}},"24":{"start":{"line":50,"column":4},"end":{"line":50,"column":71}},"25":{"start":{"line":52,"column":18},"end":{"line":52,"column":43}},"26":{"start":{"line":53,"column":4},"end":{"line":53,"column":41}},"27":{"start":{"line":56,"column":4},"end":{"line":56,"column":29}},"28":{"start":{"line":57,"column":4},"end":{"line":59,"column":5}},"29":{"start":{"line":62,"column":23},"end":{"line":78,"column":1}},"30":{"start":{"line":63,"column":4},"end":{"line":65,"column":6}},"31":{"start":{"line":64,"column":8},"end":{"line":65,"column":6}},"32":{"start":{"line":67,"column":23},"end":{"line":67,"column":72}},"33":{"start":{"line":69,"column":4},"end":{"line":71,"column":6}},"34":{"start":{"line":70,"column":8},"end":{"line":71,"column":6}},"35":{"start":{"line":73,"column":4},"end":{"line":73,"column":27}},"36":{"start":{"line":74,"column":4},"end":{"line":74,"column":32}},"37":{"start":{"line":76,"column":4},"end":{"line":76,"column":27}},"38":{"start":{"line":77,"column":4},"end":{"line":77,"column":76}},"39":{"start":{"line":80,"column":26},"end":{"line":97,"column":1}},"40":{"start":{"line":81,"column":20},"end":{"line":81,"column":28}},"41":{"start":{"line":82,"column":4},"end":{"line":84,"column":5}},"42":{"start":{"line":82,"column":46},"end":{"line":84,"column":5}},"43":{"start":{"line":85,"column":23},"end":{"line":85,"column":55}},"44":{"start":{"line":86,"column":4},"end":{"line":88,"column":5}},"45":{"start":{"line":86,"column":20},"end":{"line":88,"column":5}},"46":{"start":{"line":89,"column":18},"end":{"line":89,"column":41}},"47":{"start":{"line":90,"column":4},"end":{"line":90,"column":26}},"48":{"start":{"line":91,"column":4},"end":{"line":91,"column":49}},"49":{"start":{"line":92,"column":4},"end":{"line":92,"column":27}},"50":{"start":{"line":93,"column":4},"end":{"line":95,"column":5}},"51":{"start":{"line":98,"column":31},"end":{"line":109,"column":1}},"52":{"start":{"line":99,"column":20},"end":{"line":99,"column":30}},"53":{"start":{"line":100,"column":23},"end":{"line":100,"column":56}},"54":{"start":{"line":101,"column":4},"end":{"line":103,"column":5}},"55":{"start":{"line":101,"column":36},"end":{"line":103,"column":5}},"56":{"start":{"line":105,"column":4},"end":{"line":105,"column":27}},"57":{"start":{"line":106,"column":4},"end":{"line":108,"column":5}},"58":{"start":{"line":110,"column":27},"end":{"line":126,"column":1}},"59":{"start":{"line":111,"column":38},"end":{"line":111,"column":46}},"60":{"start":{"line":112,"column":4},"end":{"line":114,"column":5}},"61":{"start":{"line":112,"column":46},"end":{"line":114,"column":5}},"62":{"start":{"line":115,"column":4},"end":{"line":117,"column":5}},"63":{"start":{"line":115,"column":37},"end":{"line":117,"column":5}},"64":{"start":{"line":118,"column":23},"end":{"line":118,"column":72}},"65":{"start":{"line":119,"column":4},"end":{"line":121,"column":5}},"66":{"start":{"line":119,"column":47},"end":{"line":121,"column":5}},"67":{"start":{"line":122,"column":4},"end":{"line":122,"column":27}},"68":{"start":{"line":123,"column":4},"end":{"line":123,"column":67}},"69":{"start":{"line":124,"column":4},"end":{"line":124,"column":27}},"70":{"start":{"line":125,"column":4},"end":{"line":125,"column":96}},"71":{"start":{"line":128,"column":14},"end":{"line":166,"column":1}},"72":{"start":{"line":130,"column":29},"end":{"line":130,"column":37}},"73":{"start":{"line":131,"column":4},"end":{"line":133,"column":5}},"74":{"start":{"line":131,"column":46},"end":{"line":133,"column":5}},"75":{"start":{"line":134,"column":23},"end":{"line":134,"column":99}},"76":{"start":{"line":136,"column":4},"end":{"line":138,"column":5}},"77":{"start":{"line":136,"column":43},"end":{"line":138,"column":5}},"78":{"start":{"line":140,"column":4},"end":{"line":144,"column":5}},"79":{"start":{"line":141,"column":8},"end":{"line":143,"column":9}},"80":{"start":{"line":146,"column":4},"end":{"line":148,"column":5}},"81":{"start":{"line":146,"column":20},"end":{"line":148,"column":5}},"82":{"start":{"line":149,"column":30},"end":{"line":149,"column":70}},"83":{"start":{"line":151,"column":4},"end":{"line":153,"column":5}},"84":{"start":{"line":151,"column":26},"end":{"line":153,"column":5}},"85":{"start":{"line":154,"column":47},"end":{"line":154,"column":57}},"86":{"start":{"line":155,"column":18},"end":{"line":155,"column":62}},"87":{"start":{"line":157,"column":4},"end":{"line":164,"column":6}},"88":{"start":{"line":168,"column":14},"end":{"line":171,"column":1}},"89":{"start":{"line":169,"column":72},"end":{"line":169,"column":86}},"90":{"start":{"line":170,"column":4},"end":{"line":170,"column":37}},"91":{"start":{"line":173,"column":25},"end":{"line":220,"column":1}},"92":{"start":{"line":174,"column":17},"end":{"line":174,"column":27}},"93":{"start":{"line":175,"column":45},"end":{"line":175,"column":53}},"94":{"start":{"line":176,"column":4},"end":{"line":178,"column":5}},"95":{"start":{"line":176,"column":47},"end":{"line":178,"column":5}},"96":{"start":{"line":179,"column":4},"end":{"line":181,"column":5}},"97":{"start":{"line":179,"column":46},"end":{"line":181,"column":5}},"98":{"start":{"line":183,"column":23},"end":{"line":183,"column":51}},"99":{"start":{"line":184,"column":4},"end":{"line":186,"column":5}},"100":{"start":{"line":184,"column":20},"end":{"line":186,"column":5}},"101":{"start":{"line":187,"column":4},"end":{"line":196,"column":5}},"102":{"start":{"line":189,"column":31},"end":{"line":189,"column":63}},"103":{"start":{"line":190,"column":8},"end":{"line":195,"column":9}},"104":{"start":{"line":192,"column":12},"end":{"line":194,"column":13}},"105":{"start":{"line":197,"column":4},"end":{"line":197,"column":51}},"106":{"start":{"line":198,"column":4},"end":{"line":198,"column":57}},"107":{"start":{"line":199,"column":4},"end":{"line":199,"column":57}},"108":{"start":{"line":200,"column":4},"end":{"line":200,"column":48}},"109":{"start":{"line":202,"column":4},"end":{"line":216,"column":5}},"110":{"start":{"line":203,"column":8},"end":{"line":205,"column":9}},"111":{"start":{"line":204,"column":12},"end":{"line":204,"column":74}},"112":{"start":{"line":207,"column":42},"end":{"line":210,"column":9}},"113":{"start":{"line":212,"column":8},"end":{"line":212,"column":46}},"114":{"start":{"line":213,"column":8},"end":{"line":213,"column":47}},"115":{"start":{"line":215,"column":8},"end":{"line":215,"column":55}},"116":{"start":{"line":218,"column":4},"end":{"line":218,"column":27}},"117":{"start":{"line":219,"column":4},"end":{"line":219,"column":36}},"118":{"start":{"line":222,"column":27},"end":{"line":242,"column":1}},"119":{"start":{"line":223,"column":23},"end":{"line":223,"column":67}},"120":{"start":{"line":224,"column":4},"end":{"line":226,"column":5}},"121":{"start":{"line":224,"column":20},"end":{"line":226,"column":5}},"122":{"start":{"line":227,"column":41},"end":{"line":227,"column":49}},"123":{"start":{"line":228,"column":4},"end":{"line":232,"column":5}},"124":{"start":{"line":229,"column":8},"end":{"line":231,"column":10}},"125":{"start":{"line":233,"column":30},"end":{"line":233,"column":77}},"126":{"start":{"line":234,"column":4},"end":{"line":236,"column":5}},"127":{"start":{"line":234,"column":27},"end":{"line":236,"column":5}},"128":{"start":{"line":237,"column":4},"end":{"line":237,"column":70}},"129":{"start":{"line":238,"column":4},"end":{"line":238,"column":27}},"130":{"start":{"line":239,"column":4},"end":{"line":241,"column":5}},"131":{"start":{"line":243,"column":24},"end":{"line":246,"column":1}},"132":{"start":{"line":244,"column":22},"end":{"line":244,"column":102}},"133":{"start":{"line":245,"column":4},"end":{"line":245,"column":35}},"134":{"start":{"line":248,"column":30},"end":{"line":271,"column":1}},"135":{"start":{"line":249,"column":19},"end":{"line":249,"column":29}},"136":{"start":{"line":251,"column":4},"end":{"line":255,"column":5}},"137":{"start":{"line":252,"column":8},"end":{"line":254,"column":9}},"138":{"start":{"line":257,"column":4},"end":{"line":261,"column":5}},"139":{"start":{"line":258,"column":8},"end":{"line":260,"column":9}},"140":{"start":{"line":263,"column":4},"end":{"line":265,"column":5}},"141":{"start":{"line":264,"column":8},"end":{"line":264,"column":74}},"142":{"start":{"line":267,"column":4},"end":{"line":267,"column":42}},"143":{"start":{"line":268,"column":4},"end":{"line":270,"column":5}},"144":{"start":{"line":273,"column":21},"end":{"line":327,"column":1}},"145":{"start":{"line":274,"column":50},"end":{"line":274,"column":58}},"146":{"start":{"line":276,"column":4},"end":{"line":280,"column":5}},"147":{"start":{"line":277,"column":8},"end":{"line":279,"column":9}},"148":{"start":{"line":282,"column":4},"end":{"line":326,"column":5}},"149":{"start":{"line":283,"column":24},"end":{"line":283,"column":38}},"150":{"start":{"line":284,"column":8},"end":{"line":286,"column":9}},"151":{"start":{"line":284,"column":22},"end":{"line":286,"column":9}},"152":{"start":{"line":288,"column":24},"end":{"line":290,"column":20}},"153":{"start":{"line":292,"column":8},"end":{"line":297,"column":9}},"154":{"start":{"line":293,"column":8},"end":{"line":296,"column":11}},"155":{"start":{"line":299,"column":21},"end":{"line":310,"column":10}},"156":{"start":{"line":312,"column":8},"end":{"line":320,"column":9}},"157":{"start":{"line":313,"column":12},"end":{"line":315,"column":13}},"158":{"start":{"line":317,"column":12},"end":{"line":319,"column":13}},"159":{"start":{"line":322,"column":8},"end":{"line":322,"column":56}},"160":{"start":{"line":323,"column":8},"end":{"line":325,"column":9}}},"fnMap":{"0":{"name":"(anonymous_0)","decl":{"start":{"line":10,"column":17},"end":{"line":10,"column":18}},"loc":{"start":{"line":10,"column":34},"end":{"line":60,"column":1}},"line":10},"1":{"name":"(anonymous_1)","decl":{"start":{"line":37,"column":49},"end":{"line":37,"column":50}},"loc":{"start":{"line":37,"column":70},"end":{"line":46,"column":9}},"line":37},"2":{"name":"(anonymous_2)","decl":{"start":{"line":38,"column":105},"end":{"line":38,"column":106}},"loc":{"start":{"line":38,"column":126},"end":{"line":44,"column":13}},"line":38},"3":{"name":"(anonymous_3)","decl":{"start":{"line":62,"column":23},"end":{"line":62,"column":24}},"loc":{"start":{"line":62,"column":40},"end":{"line":78,"column":1}},"line":62},"4":{"name":"(anonymous_4)","decl":{"start":{"line":80,"column":26},"end":{"line":80,"column":27}},"loc":{"start":{"line":80,"column":43},"end":{"line":97,"column":1}},"line":80},"5":{"name":"(anonymous_5)","decl":{"start":{"line":98,"column":31},"end":{"line":98,"column":32}},"loc":{"start":{"line":98,"column":48},"end":{"line":109,"column":1}},"line":98},"6":{"name":"(anonymous_6)","decl":{"start":{"line":110,"column":27},"end":{"line":110,"column":28}},"loc":{"start":{"line":110,"column":44},"end":{"line":126,"column":1}},"line":110},"7":{"name":"(anonymous_7)","decl":{"start":{"line":128,"column":14},"end":{"line":128,"column":15}},"loc":{"start":{"line":128,"column":30},"end":{"line":166,"column":1}},"line":128},"8":{"name":"(anonymous_8)","decl":{"start":{"line":168,"column":14},"end":{"line":168,"column":15}},"loc":{"start":{"line":168,"column":25},"end":{"line":171,"column":1}},"line":168},"9":{"name":"(anonymous_9)","decl":{"start":{"line":173,"column":25},"end":{"line":173,"column":26}},"loc":{"start":{"line":173,"column":42},"end":{"line":220,"column":1}},"line":173},"10":{"name":"(anonymous_10)","decl":{"start":{"line":222,"column":27},"end":{"line":222,"column":28}},"loc":{"start":{"line":222,"column":44},"end":{"line":242,"column":1}},"line":222},"11":{"name":"(anonymous_11)","decl":{"start":{"line":243,"column":24},"end":{"line":243,"column":25}},"loc":{"start":{"line":243,"column":41},"end":{"line":246,"column":1}},"line":243},"12":{"name":"(anonymous_12)","decl":{"start":{"line":248,"column":30},"end":{"line":248,"column":31}},"loc":{"start":{"line":248,"column":50},"end":{"line":271,"column":1}},"line":248},"13":{"name":"(anonymous_13)","decl":{"start":{"line":273,"column":21},"end":{"line":273,"column":22}},"loc":{"start":{"line":273,"column":41},"end":{"line":327,"column":1}},"line":273}},"branchMap":{"0":{"loc":{"start":{"line":13,"column":4},"end":{"line":15,"column":6}},"type":"if","locations":[{"start":{"line":13,"column":4},"end":{"line":15,"column":6}},{"start":{},"end":{}}],"line":13},"1":{"loc":{"start":{"line":18,"column":4},"end":{"line":22,"column":5}},"type":"if","locations":[{"start":{"line":18,"column":4},"end":{"line":22,"column":5}},{"start":{},"end":{}}],"line":18},"2":{"loc":{"start":{"line":27,"column":4},"end":{"line":32,"column":5}},"type":"if","locations":[{"start":{"line":27,"column":4},"end":{"line":32,"column":5}},{"start":{},"end":{}}],"line":27},"3":{"loc":{"start":{"line":34,"column":4},"end":{"line":48,"column":5}},"type":"if","locations":[{"start":{"line":34,"column":4},"end":{"line":48,"column":5}},{"start":{},"end":{}}],"line":34},"4":{"loc":{"start":{"line":39,"column":16},"end":{"line":43,"column":17}},"type":"if","locations":[{"start":{"line":39,"column":16},"end":{"line":43,"column":17}},{"start":{"line":41,"column":23},"end":{"line":43,"column":17}}],"line":39},"5":{"loc":{"start":{"line":63,"column":4},"end":{"line":65,"column":6}},"type":"if","locations":[{"start":{"line":63,"column":4},"end":{"line":65,"column":6}},{"start":{},"end":{}}],"line":63},"6":{"loc":{"start":{"line":69,"column":4},"end":{"line":71,"column":6}},"type":"if","locations":[{"start":{"line":69,"column":4},"end":{"line":71,"column":6}},{"start":{},"end":{}}],"line":69},"7":{"loc":{"start":{"line":82,"column":4},"end":{"line":84,"column":5}},"type":"if","locations":[{"start":{"line":82,"column":4},"end":{"line":84,"column":5}},{"start":{},"end":{}}],"line":82},"8":{"loc":{"start":{"line":86,"column":4},"end":{"line":88,"column":5}},"type":"if","locations":[{"start":{"line":86,"column":4},"end":{"line":88,"column":5}},{"start":{},"end":{}}],"line":86},"9":{"loc":{"start":{"line":101,"column":4},"end":{"line":103,"column":5}},"type":"if","locations":[{"start":{"line":101,"column":4},"end":{"line":103,"column":5}},{"start":{},"end":{}}],"line":101},"10":{"loc":{"start":{"line":112,"column":4},"end":{"line":114,"column":5}},"type":"if","locations":[{"start":{"line":112,"column":4},"end":{"line":114,"column":5}},{"start":{},"end":{}}],"line":112},"11":{"loc":{"start":{"line":115,"column":4},"end":{"line":117,"column":5}},"type":"if","locations":[{"start":{"line":115,"column":4},"end":{"line":117,"column":5}},{"start":{},"end":{}}],"line":115},"12":{"loc":{"start":{"line":119,"column":4},"end":{"line":121,"column":5}},"type":"if","locations":[{"start":{"line":119,"column":4},"end":{"line":121,"column":5}},{"start":{},"end":{}}],"line":119},"13":{"loc":{"start":{"line":131,"column":4},"end":{"line":133,"column":5}},"type":"if","locations":[{"start":{"line":131,"column":4},"end":{"line":133,"column":5}},{"start":{},"end":{}}],"line":131},"14":{"loc":{"start":{"line":136,"column":4},"end":{"line":138,"column":5}},"type":"if","locations":[{"start":{"line":136,"column":4},"end":{"line":138,"column":5}},{"start":{},"end":{}}],"line":136},"15":{"loc":{"start":{"line":140,"column":4},"end":{"line":144,"column":5}},"type":"if","locations":[{"start":{"line":140,"column":4},"end":{"line":144,"column":5}},{"start":{},"end":{}}],"line":140},"16":{"loc":{"start":{"line":146,"column":4},"end":{"line":148,"column":5}},"type":"if","locations":[{"start":{"line":146,"column":4},"end":{"line":148,"column":5}},{"start":{},"end":{}}],"line":146},"17":{"loc":{"start":{"line":151,"column":4},"end":{"line":153,"column":5}},"type":"if","locations":[{"start":{"line":151,"column":4},"end":{"line":153,"column":5}},{"start":{},"end":{}}],"line":151},"18":{"loc":{"start":{"line":176,"column":4},"end":{"line":178,"column":5}},"type":"if","locations":[{"start":{"line":176,"column":4},"end":{"line":178,"column":5}},{"start":{},"end":{}}],"line":176},"19":{"loc":{"start":{"line":179,"column":4},"end":{"line":181,"column":5}},"type":"if","locations":[{"start":{"line":179,"column":4},"end":{"line":181,"column":5}},{"start":{},"end":{}}],"line":179},"20":{"loc":{"start":{"line":184,"column":4},"end":{"line":186,"column":5}},"type":"if","locations":[{"start":{"line":184,"column":4},"end":{"line":186,"column":5}},{"start":{},"end":{}}],"line":184},"21":{"loc":{"start":{"line":187,"column":4},"end":{"line":196,"column":5}},"type":"if","locations":[{"start":{"line":187,"column":4},"end":{"line":196,"column":5}},{"start":{},"end":{}}],"line":187},"22":{"loc":{"start":{"line":190,"column":8},"end":{"line":195,"column":9}},"type":"if","locations":[{"start":{"line":190,"column":8},"end":{"line":195,"column":9}},{"start":{},"end":{}}],"line":190},"23":{"loc":{"start":{"line":197,"column":24},"end":{"line":197,"column":51}},"type":"binary-expr","locations":[{"start":{"line":197,"column":24},"end":{"line":197,"column":30}},{"start":{"line":197,"column":34},"end":{"line":197,"column":51}}],"line":197},"24":{"loc":{"start":{"line":198,"column":26},"end":{"line":198,"column":57}},"type":"binary-expr","locations":[{"start":{"line":198,"column":26},"end":{"line":198,"column":34}},{"start":{"line":198,"column":38},"end":{"line":198,"column":57}}],"line":198},"25":{"loc":{"start":{"line":199,"column":26},"end":{"line":199,"column":57}},"type":"binary-expr","locations":[{"start":{"line":199,"column":26},"end":{"line":199,"column":34}},{"start":{"line":199,"column":38},"end":{"line":199,"column":57}}],"line":199},"26":{"loc":{"start":{"line":200,"column":23},"end":{"line":200,"column":48}},"type":"binary-expr","locations":[{"start":{"line":200,"column":23},"end":{"line":200,"column":28}},{"start":{"line":200,"column":32},"end":{"line":200,"column":48}}],"line":200},"27":{"loc":{"start":{"line":202,"column":4},"end":{"line":216,"column":5}},"type":"if","locations":[{"start":{"line":202,"column":4},"end":{"line":216,"column":5}},{"start":{},"end":{}}],"line":202},"28":{"loc":{"start":{"line":203,"column":8},"end":{"line":205,"column":9}},"type":"if","locations":[{"start":{"line":203,"column":8},"end":{"line":205,"column":9}},{"start":{},"end":{}}],"line":203},"29":{"loc":{"start":{"line":224,"column":4},"end":{"line":226,"column":5}},"type":"if","locations":[{"start":{"line":224,"column":4},"end":{"line":226,"column":5}},{"start":{},"end":{}}],"line":224},"30":{"loc":{"start":{"line":228,"column":4},"end":{"line":232,"column":5}},"type":"if","locations":[{"start":{"line":228,"column":4},"end":{"line":232,"column":5}},{"start":{},"end":{}}],"line":228},"31":{"loc":{"start":{"line":234,"column":4},"end":{"line":236,"column":5}},"type":"if","locations":[{"start":{"line":234,"column":4},"end":{"line":236,"column":5}},{"start":{},"end":{}}],"line":234},"32":{"loc":{"start":{"line":251,"column":4},"end":{"line":255,"column":5}},"type":"if","locations":[{"start":{"line":251,"column":4},"end":{"line":255,"column":5}},{"start":{},"end":{}}],"line":251},"33":{"loc":{"start":{"line":257,"column":4},"end":{"line":261,"column":5}},"type":"if","locations":[{"start":{"line":257,"column":4},"end":{"line":261,"column":5}},{"start":{},"end":{}}],"line":257},"34":{"loc":{"start":{"line":263,"column":4},"end":{"line":265,"column":5}},"type":"if","locations":[{"start":{"line":263,"column":4},"end":{"line":265,"column":5}},{"start":{},"end":{}}],"line":263},"35":{"loc":{"start":{"line":276,"column":4},"end":{"line":280,"column":5}},"type":"if","locations":[{"start":{"line":276,"column":4},"end":{"line":280,"column":5}},{"start":{},"end":{}}],"line":276},"36":{"loc":{"start":{"line":276,"column":8},"end":{"line":276,"column":54}},"type":"binary-expr","locations":[{"start":{"line":276,"column":8},"end":{"line":276,"column":24}},{"start":{"line":276,"column":28},"end":{"line":276,"column":37}},{"start":{"line":276,"column":41},"end":{"line":276,"column":54}}],"line":276},"37":{"loc":{"start":{"line":284,"column":8},"end":{"line":286,"column":9}},"type":"if","locations":[{"start":{"line":284,"column":8},"end":{"line":286,"column":9}},{"start":{},"end":{}}],"line":284},"38":{"loc":{"start":{"line":288,"column":24},"end":{"line":290,"column":20}},"type":"binary-expr","locations":[{"start":{"line":288,"column":24},"end":{"line":290,"column":14}},{"start":{"line":290,"column":18},"end":{"line":290,"column":20}}],"line":288},"39":{"loc":{"start":{"line":292,"column":8},"end":{"line":297,"column":9}},"type":"if","locations":[{"start":{"line":292,"column":8},"end":{"line":297,"column":9}},{"start":{},"end":{}}],"line":292},"40":{"loc":{"start":{"line":302,"column":25},"end":{"line":302,"column":56}},"type":"binary-expr","locations":[{"start":{"line":302,"column":25},"end":{"line":302,"column":31}},{"start":{"line":302,"column":35},"end":{"line":302,"column":56}}],"line":302},"41":{"loc":{"start":{"line":312,"column":8},"end":{"line":320,"column":9}},"type":"if","locations":[{"start":{"line":312,"column":8},"end":{"line":320,"column":9}},{"start":{"line":316,"column":15},"end":{"line":320,"column":9}}],"line":312}},"s":{"0":1,"1":1,"2":0,"3":0,"4":0,"5":0,"6":0,"7":0,"8":0,"9":0,"10":0,"11":0,"12":0,"13":0,"14":0,"15":0,"16":0,"17":0,"18":0,"19":0,"20":0,"21":0,"22":0,"23":0,"24":0,"25":0,"26":0,"27":0,"28":0,"29":1,"30":0,"31":0,"32":0,"33":0,"34":0,"35":0,"36":0,"37":0,"38":0,"39":1,"40":0,"41":0,"42":0,"43":0,"44":0,"45":0,"46":0,"47":0,"48":0,"49":0,"50":0,"51":1,"52":0,"53":0,"54":0,"55":0,"56":0,"57":0,"58":1,"59":0,"60":0,"61":0,"62":0,"63":0,"64":0,"65":0,"66":0,"67":0,"68":0,"69":0,"70":0,"71":1,"72":6,"73":6,"74":1,"75":5,"76":5,"77":1,"78":4,"79":1,"80":3,"81":1,"82":2,"83":2,"84":1,"85":2,"86":2,"87":2,"88":1,"89":0,"90":0,"91":1,"92":0,"93":0,"94":0,"95":0,"96":0,"97":0,"98":0,"99":0,"100":0,"101":0,"102":0,"103":0,"104":0,"105":0,"106":0,"107":0,"108":0,"109":0,"110":0,"111":0,"112":0,"113":0,"114":0,"115":0,"116":0,"117":0,"118":1,"119":0,"120":0,"121":0,"122":0,"123":0,"124":0,"125":0,"126":0,"127":0,"128":0,"129":0,"130":0,"131":1,"132":0,"133":0,"134":1,"135":0,"136":0,"137":0,"138":0,"139":0,"140":0,"141":0,"142":0,"143":0,"144":1,"145":0,"146":0,"147":0,"148":0,"149":0,"150":0,"151":0,"152":0,"153":0,"154":0,"155":0,"156":0,"157":0,"158":0,"159":0,"160":0},"f":{"0":0,"1":0,"2":0,"3":0,"4":0,"5":0,"6":0,"7":6,"8":0,"9":0,"10":0,"11":0,"12":0,"13":0},"b":{"0":[0,0],"1":[0,0],"2":[0,0],"3":[0,0],"4":[0,0],"5":[0,0],"6":[0,0],"7":[0,0],"8":[0,0],"9":[0,0],"10":[0,0],"11":[0,0],"12":[0,0],"13":[1,5],"14":[1,4],"15":[1,3],"16":[1,2],"17":[1,1],"18":[0,0],"19":[0,0],"20":[0,0],"21":[0,0],"22":[0,0],"23":[0,0],"24":[0,0],"25":[0,0],"26":[0,0],"27":[0,0],"28":[0,0],"29":[0,0],"30":[0,0],"31":[0,0],"32":[0,0],"33":[0,0],"34":[0,0],"35":[0,0],"36":[0,0,0],"37":[0,0],"38":[0,0],"39":[0,0],"40":[0,0],"41":[0,0]},"_coverageSchema":"1a1c01bbd47fc00a2c39e90264f33305004495a9","hash":"ca9e42307a9ff1e1f217d27e77ee4cc3693e45b5"}
,"C:\\Users\\Santy\\Desktop\\Wraith\\Backend\\src\\middlewares\\JWT.js": {"path":"C:\\Users\\Santy\\Desktop\\Wraith\\Backend\\src\\middlewares\\JWT.js","statementMap":{"0":{"start":{"line":5,"column":22},"end":{"line":8,"column":1}},"1":{"start":{"line":7,"column":4},"end":{"line":7,"column":77}},"2":{"start":{"line":10,"column":26},"end":{"line":30,"column":1}},"3":{"start":{"line":12,"column":28},"end":{"line":12,"column":39}},"4":{"start":{"line":14,"column":4},"end":{"line":14,"column":114}},"5":{"start":{"line":14,"column":24},"end":{"line":14,"column":114}},"6":{"start":{"line":16,"column":4},"end":{"line":29,"column":5}},"7":{"start":{"line":17,"column":22},"end":{"line":17,"column":49}},"8":{"start":{"line":18,"column":28},"end":{"line":18,"column":68}},"9":{"start":{"line":19,"column":8},"end":{"line":25,"column":9}},"10":{"start":{"line":20,"column":12},"end":{"line":20,"column":84}},"11":{"start":{"line":21,"column":12},"end":{"line":21,"column":18}},"12":{"start":{"line":22,"column":15},"end":{"line":25,"column":9}},"13":{"start":{"line":23,"column":12},"end":{"line":23,"column":94}},"14":{"start":{"line":24,"column":12},"end":{"line":24,"column":18}},"15":{"start":{"line":28,"column":8},"end":{"line":28,"column":74}}},"fnMap":{"0":{"name":"(anonymous_0)","decl":{"start":{"line":5,"column":22},"end":{"line":5,"column":23}},"loc":{"start":{"line":5,"column":35},"end":{"line":8,"column":1}},"line":5},"1":{"name":"(anonymous_1)","decl":{"start":{"line":10,"column":26},"end":{"line":10,"column":27}},"loc":{"start":{"line":10,"column":52},"end":{"line":30,"column":1}},"line":10}},"branchMap":{"0":{"loc":{"start":{"line":14,"column":4},"end":{"line":14,"column":114}},"type":"if","locations":[{"start":{"line":14,"column":4},"end":{"line":14,"column":114}},{"start":{},"end":{}}],"line":14},"1":{"loc":{"start":{"line":19,"column":8},"end":{"line":25,"column":9}},"type":"if","locations":[{"start":{"line":19,"column":8},"end":{"line":25,"column":9}},{"start":{"line":22,"column":15},"end":{"line":25,"column":9}}],"line":19},"2":{"loc":{"start":{"line":22,"column":15},"end":{"line":25,"column":9}},"type":"if","locations":[{"start":{"line":22,"column":15},"end":{"line":25,"column":9}},{"start":{},"end":{}}],"line":22}},"s":{"0":2,"1":2,"2":2,"3":4,"4":4,"5":1,"6":3,"7":3,"8":3,"9":2,"10":1,"11":1,"12":1,"13":1,"14":1,"15":1},"f":{"0":2,"1":4},"b":{"0":[1,3],"1":[1,1],"2":[1,0]},"_coverageSchema":"1a1c01bbd47fc00a2c39e90264f33305004495a9","hash":"43c2a926b9f90aece6d948ad8ff92cc152ccb152"}
,"C:\\Users\\Santy\\Desktop\\Wraith\\Backend\\src\\models\\Administrador.js": {"path":"C:\\Users\\Santy\\Desktop\\Wraith\\Backend\\src\\models\\Administrador.js","statementMap":{"0":{"start":{"line":5,"column":28},"end":{"line":59,"column":2}},"1":{"start":{"line":63,"column":0},"end":{"line":67,"column":1}},"2":{"start":{"line":64,"column":17},"end":{"line":64,"column":41}},"3":{"start":{"line":65,"column":27},"end":{"line":65,"column":59}},"4":{"start":{"line":66,"column":4},"end":{"line":66,"column":25}},"5":{"start":{"line":70,"column":0},"end":{"line":73,"column":1}},"6":{"start":{"line":71,"column":21},"end":{"line":71,"column":65}},"7":{"start":{"line":72,"column":4},"end":{"line":72,"column":19}},"8":{"start":{"line":76,"column":0},"end":{"line":79,"column":1}},"9":{"start":{"line":77,"column":26},"end":{"line":77,"column":74}},"10":{"start":{"line":78,"column":4},"end":{"line":78,"column":24}}},"fnMap":{"0":{"name":"(anonymous_0)","decl":{"start":{"line":63,"column":45},"end":{"line":63,"column":46}},"loc":{"start":{"line":63,"column":69},"end":{"line":67,"column":1}},"line":63},"1":{"name":"(anonymous_1)","decl":{"start":{"line":70,"column":44},"end":{"line":70,"column":45}},"loc":{"start":{"line":70,"column":68},"end":{"line":73,"column":1}},"line":70},"2":{"name":"(anonymous_2)","decl":{"start":{"line":76,"column":41},"end":{"line":76,"column":42}},"loc":{"start":{"line":76,"column":51},"end":{"line":79,"column":1}},"line":76}},"branchMap":{},"s":{"0":2,"1":2,"2":0,"3":0,"4":0,"5":2,"6":0,"7":0,"8":2,"9":0,"10":0},"f":{"0":0,"1":0,"2":0},"b":{},"_coverageSchema":"1a1c01bbd47fc00a2c39e90264f33305004495a9","hash":"8a22c332a83ca246f4427ee9493e8b48e5f51367"}
,"C:\\Users\\Santy\\Desktop\\Wraith\\Backend\\src\\models\\Jugador.js": {"path":"C:\\Users\\Santy\\Desktop\\Wraith\\Backend\\src\\models\\Jugador.js","statementMap":{"0":{"start":{"line":5,"column":22},"end":{"line":66,"column":2}},"1":{"start":{"line":70,"column":0},"end":{"line":74,"column":1}},"2":{"start":{"line":71,"column":17},"end":{"line":71,"column":41}},"3":{"start":{"line":72,"column":27},"end":{"line":72,"column":59}},"4":{"start":{"line":73,"column":4},"end":{"line":73,"column":25}},"5":{"start":{"line":77,"column":0},"end":{"line":80,"column":1}},"6":{"start":{"line":78,"column":21},"end":{"line":78,"column":65}},"7":{"start":{"line":79,"column":4},"end":{"line":79,"column":19}},"8":{"start":{"line":83,"column":0},"end":{"line":86,"column":1}},"9":{"start":{"line":84,"column":26},"end":{"line":84,"column":74}},"10":{"start":{"line":85,"column":4},"end":{"line":85,"column":24}}},"fnMap":{"0":{"name":"(anonymous_0)","decl":{"start":{"line":70,"column":39},"end":{"line":70,"column":40}},"loc":{"start":{"line":70,"column":63},"end":{"line":74,"column":1}},"line":70},"1":{"name":"(anonymous_1)","decl":{"start":{"line":77,"column":38},"end":{"line":77,"column":39}},"loc":{"start":{"line":77,"column":62},"end":{"line":80,"column":1}},"line":77},"2":{"name":"(anonymous_2)","decl":{"start":{"line":83,"column":35},"end":{"line":83,"column":36}},"loc":{"start":{"line":83,"column":45},"end":{"line":86,"column":1}},"line":83}},"branchMap":{},"s":{"0":2,"1":2,"2":0,"3":0,"4":0,"5":2,"6":0,"7":0,"8":2,"9":0,"10":0},"f":{"0":0,"1":0,"2":0},"b":{},"_coverageSchema":"1a1c01bbd47fc00a2c39e90264f33305004495a9","hash":"c88a2a1c80e6771952fe18793a794643eb08f65b"}
}
